 - [03/15/20 16:25:26] <Info>: Waiting for DFU devices
 - [03/15/20 16:25:26] <Verbose>: DFU mode device found
 - [03/15/20 16:25:26] <Info>: Exploiting
 - [03/15/20 16:25:26] <Verbose>: Attempting to perform checkm8 on 8010 11...
 - [03/15/20 16:25:26] <Info>: Checking if device is ready
 - [03/15/20 16:25:26] <Verbose>: == Checkm8 Preparation stage ==
 - [03/15/20 16:25:26] <Verbose>: Stalled input endpoint
 - [03/15/20 16:25:26] <Verbose>: DFU mode device found
 - [03/15/20 16:25:26] <Info>: Setting up the exploit (this is the heap spray)
 - [03/15/20 16:25:26] <Verbose>: == Checkm8 Setup stage ==
 - [03/15/20 16:25:26] <Info>: Right before trigger (this is the real bug setup)
 - [03/15/20 16:25:26] <Verbose>: Entered initial checkm8 state after 1 steps, issuing DFU abort..
 - [03/15/20 16:25:26] <Verbose>: DFU device disconnected
 - [03/15/20 16:25:26] <Verbose>: DFU mode device found
 - [03/15/20 16:25:26] <Verbose>: == Checkm8 Trigger stage ==
 - [03/15/20 16:25:26] <Verbose>: Checkmate!
 - [03/15/20 16:25:26] <Verbose>: DFU device disconnected
 - [03/15/20 16:25:26] <Verbose>: DFU mode device found
 - [03/15/20 16:25:26] <Verbose>: == Checkm8 Trying to run payload... ==
 - [03/15/20 16:25:26] <Verbose>: If everything went correctly, you should now have code execution.
 - [03/15/20 16:25:26] <Verbose>: DFU device disconnected
 - [03/15/20 16:25:30] <Info>: Entered download mode
 - [03/15/20 16:25:30] <Verbose>: Download mode device found
 - [03/15/20 16:25:30] <Info>: Booting...
 - [03/15/20 16:25:30] <Verbose>: Setting bootargs to: rootdev=md0
 - [03/15/20 16:25:31] <Verbose>: Download mode device disconnected
